<?xml version="1.0" encoding="UTF-8"?>
<testng-results skipped="0" failed="0" ignored="0" total="2" passed="2">
  <reporter-output>
  </reporter-output>
  <suite name="Suite" duration-ms="34520" started-at="2018-02-19T11:44:46Z" finished-at="2018-02-19T11:45:21Z">
    <groups>
    </groups>
    <test name="Test" duration-ms="34520" started-at="2018-02-19T11:44:46Z" finished-at="2018-02-19T11:45:21Z">
      <class name="myMavenProject.JenkinsTestGoogleLaunch">
        <test-method status="PASS" signature="verifyTitle()[pri:0, instance:myMavenProject.JenkinsTestGoogleLaunch@4b9e13df]" name="verifyTitle" duration-ms="14533" started-at="2018-02-19T11:44:46Z" finished-at="2018-02-19T11:45:01Z">
          <reporter-output>
          </reporter-output>
        </test-method> <!-- verifyTitle -->
      </class> <!-- myMavenProject.JenkinsTestGoogleLaunch -->
      <class name="myMavenProject.JenkinsTestYahooLanuch">
        <test-method status="PASS" signature="verifyTitle()[pri:0, instance:myMavenProject.JenkinsTestYahooLanuch@1d057a39]" name="verifyTitle" duration-ms="19959" started-at="2018-02-19T11:45:01Z" finished-at="2018-02-19T11:45:21Z">
          <reporter-output>
          </reporter-output>
        </test-method> <!-- verifyTitle -->
      </class> <!-- myMavenProject.JenkinsTestYahooLanuch -->
    </test> <!-- Test -->
  </suite> <!-- Suite -->
</testng-results>
